build/app/outputs/mapping/release/seeds.txt
com.example.neo_ai_assistant.MainActivity
com.example.neo_ai_assistant.MainActivity: MainActivity()
...
com.dexterous.flutterlocalnotifications.FlutterLocalNotificationsPlugin: java.lang.String STOP_FOREGROUND_SERVICE
org.apache.tika.sax.XMPContentHandler: java.lang.String XMP
org.apache.tika.metadata.TikaCoreProperties: org.apache.tika.metadata.Property PUBLISHER
org.apache.tika.metadata.PDF: org.apache.tika.metadata.Property INCREMENTAL_UPDATE_NUMBER
org.apache.tika.pipes.PipesReporterBase$ExcludesFilter: java.util.Set excludes
org.apache.tika.metadata.ClimateForcast: java.lang.String CONTACT
com.dexterous.flutterlocalnotifications.models.PersonDetails: java.lang.String uri
org.apache.tika.extractor.ParserContainerExtractor$RecursiveParser: org.apache.tika.extractor.EmbeddedResourceHandler handler
io.flutter.plugin.platform.SingleViewPresentation: android.content.Context outerContext
org.apache.tika.metadata.XMPRights: java.lang.String PREFIX_XMP_RIGHTS
org.apache.tika.metadata.IPTC: org.apache.tika.metadata.Property PLUS_VERSION
org.apache.tika.sax.TextContentHandler: org.xml.sax.ContentHandler delegate
org.apache.tika.utils.FileProcessResult: boolean isTimeout
com.dexterous.flutterlocalnotifications.models.NotificationDetails: java.lang.String PLAY_SOUND
org.apache.tika.utils.SystemUtils: boolean IS_OS_SOLARIS
com.dexterous.flutterlocalnotifications.models.styles.BigTextStyleInformation: java.lang.String contentTitle
org.apache.tika.metadata.TikaCoreProperties$EmbeddedResourceType: org.apache.tika.metadata.TikaCoreProperties$EmbeddedResourceType RENDERING
org.apache.tika.mime.HexCoDec: char[] HEX_CHARS
org.apache.tika.config.TikaConfig: int MAX_JSON_STRING_FIELD_LENGTH
org.apache.tika.extractor.RUnpackExtractor: long maxEmbeddedBytesForExtraction
org.apache.tika.io.TemporaryResources: org.slf4j.Logger LOG
com.dexterous.flutterlocalnotifications.models.NotificationDetails: java.lang.Integer iconResourceId
org.apache.tika.parser.NetworkParser: java.net.URI uri
org.apache.tika.mime.Magic: int priority
org.apache.tika.exception.WriteLimitReachedException: int MAX_DEPTH
org.apache.tika.metadata.filter.DateNormalizingMetadataFilter: org.slf4j.Logger LOGGER
org.apache.tika.metadata.ExternalProcess: org.apache.tika.metadata.Property STD_ERR
org.apache.tika.sax.SecureContentHandler: int maxPackageEntryDepth
org.apache.tika.extractor.BasicEmbeddedDocumentBytesHandler: org.apache.tika.pipes.extractor.EmbeddedDocumentBytesConfig config
org.apache.tika.pipes.HandlerConfig: int maxEmbeddedResources
com.dexterous.flutterlocalnotifications.models.NotificationDetails: java.lang.String ENABLE_LIGHTS
org.apache.tika.metadata.FileSystem: org.apache.tika.metadata.Property MODIFIED
io.flutter.embedding.engine.mutatorsstack.FlutterMutatorsStack: android.graphics.Matrix finalMatrix
org.apache.tika.metadata.XMPDM: org.apache.tika.metadata.Property SCENE
org.apache.tika.parser.AutoDetectParserFactory: java.lang.String TIKA_CONFIG_PATH
com.dexterous.flutterlocalnotifications.models.NotificationDetails: java.lang.String HTML_FORMAT_SUMMARY_TEXT
org.apache.tika.language.detect.LanguageConfidence: org.apache.tika.language.detect.LanguageConfidence MEDIUM
org.apache.tika.sax.StandardsText: java.lang.String REGEX_STANDARD_TYPE
org.apache.tika.language.detect.LanguageResult: org.apache.tika.language.detect.LanguageResult NULL
org.apache.tika.metadata.AccessPermissions: org.apache.tika.metadata.Property CAN_PRINT
org.apache.tika.metadata.PDF: org.apache.tika.metadata.Property OVERALL_PERCENTAGE_UNMAPPED_UNICODE_CHARS
org.apache.tika.sax.XHTMLContentHandler: char[] TAB
org.apache.tika.sax.Link: java.lang.String uri
org.apache.tika.parser.AutoDetectParserConfig: org.apache.tika.sax.ContentHandlerDecoratorFactory contentHandlerDecoratorFactory
com.dexterous.flutterlocalnotifications.models.SoundSource: com.dexterous.flutterlocalnotifications.models.SoundSource[] $VALUES
io.flutter.embedding.engine.renderer.FlutterRenderer$ImageReaderSurfaceProducer: boolean CLEANUP_ON_MEMORY_PRESSURE