build/app/outputs/mapping/release/usage.txt
com.example.neo_ai_assistant.R$drawable
com.example.neo_ai_assistant.R$mipmap
com.example.neo_ai_assistant.R$raw
com.example.neo_ai_assistant.R$style
com.example.neo_ai_assistant.R
...
androidx.appcompat.widget.ActionMenuView$LayoutParams:
    void <init>(int,int,boolean)
androidx.appcompat.widget.ActionMenuView:
    static final int GENERATED_ITEM_PADDING
    static final int MIN_CELL_SIZE
    private static final java.lang.String TAG
    public boolean hideOverflowMenu()
    public boolean isOverflowMenuShowPending()
    public boolean isOverflowReserved()
androidx.appcompat.widget.ActivityChooserModel$ActivityChooserModelClient
androidx.appcompat.widget.ActivityChooserModel$ActivityResolveInfo
androidx.appcompat.widget.ActivityChooserModel$ActivitySorter
androidx.appcompat.widget.ActivityChooserModel$DefaultSorter
androidx.appcompat.widget.ActivityChooserModel$HistoricalRecord
androidx.appcompat.widget.ActivityChooserModel$OnChooseActivityListener
androidx.appcompat.widget.ActivityChooserModel$PersistHistoryAsyncTask
androidx.appcompat.widget.ActivityChooserModel
androidx.appcompat.widget.ActivityChooserView$1
androidx.appcompat.widget.ActivityChooserView$2
androidx.appcompat.widget.ActivityChooserView$3
androidx.appcompat.widget.ActivityChooserView$4
androidx.appcompat.widget.ActivityChooserView$5
androidx.appcompat.widget.ActivityChooserView$ActivityChooserViewAdapter
androidx.appcompat.widget.ActivityChooserView$Callbacks
androidx.appcompat.widget.ActivityChooserView
androidx.appcompat.widget.AlertDialogLayout:
    public void <init>(android.content.Context)
androidx.appcompat.widget.AppCompatAutoCompleteTextView:
    public void <init>(android.content.Context)
    public void <init>(android.content.Context,android.util.AttributeSet)
androidx.appcompat.widget.AppCompatButton
androidx.appcompat.widget.AppCompatCheckBox
androidx.appcompat.widget.AppCompatCheckedTextView
androidx.appcompat.widget.AppCompatCompoundButtonHelper$DirectSetButtonDrawableInterface
androidx.appcompat.widget.AppCompatCompoundButtonHelper
androidx.appcompat.widget.AppCompatDrawableManager:
    private static final boolean DEBUG
    private static final java.lang.String TAG
    synchronized android.graphics.drawable.Drawable getDrawable(android.content.Context,int,boolean)
    public synchronized void onConfigurationChanged(android.content.Context)
    synchronized android.graphics.drawable.Drawable onDrawableLoadedFromResources(android.content.Context,androidx.appcompat.widget.VectorEnabledTintResources,int)
    boolean tintDrawableUsingColorFilter(android.content.Context,int,android.graphics.drawable.Drawable)
androidx.appcompat.widget.AppCompatEditText:
    private final androidx.appcompat.widget.AppCompatBackgroundHelper mBackgroundTintHelper
    private final androidx.appcompat.widget.AppCompatTextClassifierHelper mTextClassifierHelper
    private final androidx.appcompat.widget.AppCompatTextHelper mTextHelper
    public void <init>(android.content.Context)
    public void <init>(android.content.Context,android.util.AttributeSet)
    public void <init>(android.content.Context,android.util.AttributeSet,int)
    protected void drawableStateChanged()
    public android.content.res.ColorStateList getSupportBackgroundTintList()
    public android.graphics.PorterDuff$Mode getSupportBackgroundTintMode()
    public android.text.Editable getText()
    public synthetic bridge java.lang.CharSequence getText()
    public android.view.textclassifier.TextClassifier getTextClassifier()
    public android.view.inputmethod.InputConnection onCreateInputConnection(android.view.inputmethod.EditorInfo)
    public void setBackgroundDrawable(android.graphics.drawable.Drawable)
    public void setBackgroundResource(int)
    public void setCustomSelectionActionModeCallback(android.view.ActionMode$Callback)
    public void setSupportBackgroundTintList(android.content.res.ColorStateList)
    public void setSupportBackgroundTintMode(android.graphics.PorterDuff$Mode)
    public void setTextAppearance(android.content.Context,int)